[03-Jun-2025 07:13:46 UTC] destinationPath: /var/www/html/tjd3s_mobile_20250602/imagem/input/1423461715683ea0aa4105c1.64589271.png
[03-Jun-2025 07:13:53 UTC] {"quantidade_pessoas":0,"caminho_arquivo_anonimizado":"","caminho_arquivo_original":"","nome_arquivo":"1423461715683ea0aa4105c1.64589271.png_sanitized_2025_06_03_07_13_50.jpg"}
[03-Jun-2025 07:13:53 UTC] Python script executed successfully.
[03-Jun-2025 07:13:53 UTC] id_tipo_arquivo: 5
[03-Jun-2025 16:28:33 UTC] destinationPath: /var/www/html/tjd3s_mobile_20250602/imagem/input/18960946683f22b1657290.61156944.png
[03-Jun-2025 16:28:40 UTC] {"quantidade_pessoas":0,"caminho_arquivo_anonimizado":"","caminho_arquivo_original":"","nome_arquivo":"18960946683f22b1657290.61156944.png_sanitized_2025_06_03_16_28_37.jpg"}
[03-Jun-2025 16:28:40 UTC] Python script executed successfully.
[03-Jun-2025 16:28:40 UTC] id_tipo_arquivo: 5
[03-Jun-2025 16:30:59 UTC] destinationPath: /var/www/html/tjd3s_mobile_20250602/imagem/input/400124055683f2343474bf8.35749886.png
[03-Jun-2025 16:31:06 UTC] {"quantidade_pessoas":0,"caminho_arquivo_anonimizado":"","caminho_arquivo_original":"","nome_arquivo":"400124055683f2343474bf8.35749886.png_sanitized_2025_06_03_16_31_03.jpg"}
[03-Jun-2025 16:31:06 UTC] Python script executed successfully.
[03-Jun-2025 16:31:06 UTC] id_tipo_arquivo: 5
[03-Jun-2025 17:36:22 UTC] destinationPath: /var/www/html/tjd3s_mobile_20250602/imagem/input/508901837683f3296541bb5.18781843.jpg
[03-Jun-2025 17:36:35 UTC] {"quantidade_pessoas":0,"caminho_arquivo_anonimizado":"","caminho_arquivo_original":"","nome_arquivo":"508901837683f3296541bb5.18781843.jpg_sanitized_2025_06_03_17_36_26.jpg"}
[03-Jun-2025 17:36:35 UTC] Python script executed successfully.
[03-Jun-2025 17:36:35 UTC] id_tipo_arquivo: 4
[03-Jun-2025 18:57:31 UTC] destinationPath: /var/www/html/tjd3s_mobile_20250602/imagem/input/725946661683f459be138d1.25597748.png
[03-Jun-2025 18:57:41 UTC] {"quantidade_pessoas":0,"caminho_arquivo_anonimizado":"","caminho_arquivo_original":"","nome_arquivo":"725946661683f459be138d1.25597748.png_sanitized_2025_06_03_18_57_38.jpg"}
[03-Jun-2025 18:57:41 UTC] Python script executed successfully.
[03-Jun-2025 18:57:41 UTC] id_tipo_arquivo: 5
[03-Jun-2025 18:59:19 UTC] destinationPath: /var/www/html/tjd3s_mobile_20250602/imagem/input/415244729683f46070551c0.38819164.png
[03-Jun-2025 18:59:26 UTC] {"quantidade_pessoas":0,"caminho_arquivo_anonimizado":"","caminho_arquivo_original":"","nome_arquivo":"415244729683f46070551c0.38819164.png_sanitized_2025_06_03_18_59_22.jpg"}
[03-Jun-2025 18:59:26 UTC] Python script executed successfully.
[03-Jun-2025 18:59:26 UTC] id_tipo_arquivo: 5
[03-Jun-2025 19:06:01 UTC] destinationPath: /var/www/html/tjd3s_mobile_20250602/imagem/input/955478873683f4799e3a6c5.96729990.jpg
[03-Jun-2025 19:06:11 UTC] {"quantidade_pessoas":0,"caminho_arquivo_anonimizado":"","caminho_arquivo_original":"","nome_arquivo":"955478873683f4799e3a6c5.96729990.jpg_sanitized_2025_06_03_19_06_06.jpg"}
[03-Jun-2025 19:06:11 UTC] Python script executed successfully.
[03-Jun-2025 19:06:11 UTC] id_tipo_arquivo: 4
[03-Jun-2025 20:19:48 UTC] destinationPath: /var/www/html/tjd3s_mobile_20250602/imagem/input/1497581078683f58e44870e3.64090172.png
[03-Jun-2025 20:19:55 UTC] {"quantidade_pessoas":0,"caminho_arquivo_anonimizado":"","caminho_arquivo_original":"","nome_arquivo":"1497581078683f58e44870e3.64090172.png_sanitized_2025_06_03_20_19_52.jpg"}
[03-Jun-2025 20:19:55 UTC] Python script executed successfully.
[03-Jun-2025 20:19:55 UTC] id_tipo_arquivo: 5
[03-Jun-2025 20:26:41 UTC] destinationPath: /var/www/html/tjd3s_mobile_20250602/imagem/input/2070420966683f5a818fd250.13087399.jpg
[03-Jun-2025 20:26:53 UTC] {"quantidade_pessoas":0,"caminho_arquivo_anonimizado":"","caminho_arquivo_original":"","nome_arquivo":"2070420966683f5a818fd250.13087399.jpg_sanitized_2025_06_03_20_26_45.jpg"}
[03-Jun-2025 20:26:53 UTC] Python script executed successfully.
[03-Jun-2025 20:26:53 UTC] id_tipo_arquivo: 4
[03-Jun-2025 20:39:26 UTC] destinationPath: /var/www/html/tjd3s_mobile_20250602/imagem/input/905601210683f5d7e13b3c1.49406246.jpg
[03-Jun-2025 20:39:34 UTC] {"quantidade_pessoas":0,"caminho_arquivo_anonimizado":"","caminho_arquivo_original":"","nome_arquivo":"905601210683f5d7e13b3c1.49406246.jpg_sanitized_2025_06_03_20_39_30.jpg"}
[03-Jun-2025 20:39:34 UTC] Python script executed successfully.
[03-Jun-2025 20:39:34 UTC] id_tipo_arquivo: 4
[03-Jun-2025 20:42:35 UTC] destinationPath: /var/www/html/tjd3s_mobile_20250602/imagem/input/1419142173683f5e3baaad83.39583012.jpg
[03-Jun-2025 20:42:43 UTC] {"quantidade_pessoas":0,"caminho_arquivo_anonimizado":"","caminho_arquivo_original":"","nome_arquivo":"1419142173683f5e3baaad83.39583012.jpg_sanitized_2025_06_03_20_42_39.jpg"}
[03-Jun-2025 20:42:43 UTC] Python script executed successfully.
[03-Jun-2025 20:42:43 UTC] id_tipo_arquivo: 4
[03-Jun-2025 20:44:15 UTC] destinationPath: /var/www/html/tjd3s_mobile_20250602/imagem/input/1900183216683f5e9fcc3809.58232931.jpg
[03-Jun-2025 20:44:23 UTC] {"quantidade_pessoas":0,"caminho_arquivo_anonimizado":"","caminho_arquivo_original":"","nome_arquivo":"1900183216683f5e9fcc3809.58232931.jpg_sanitized_2025_06_03_20_44_19.jpg"}
[03-Jun-2025 20:44:23 UTC] Python script executed successfully.
[03-Jun-2025 20:44:23 UTC] id_tipo_arquivo: 4
[03-Jun-2025 20:51:47 UTC] destinationPath: /var/www/html/tjd3s_mobile_20250602/imagem/input/1748769773683f60635d9ce4.03529749.jpg
[03-Jun-2025 20:51:55 UTC] {"quantidade_pessoas":0,"caminho_arquivo_anonimizado":"","caminho_arquivo_original":"","nome_arquivo":"1748769773683f60635d9ce4.03529749.jpg_sanitized_2025_06_03_20_51_51.jpg"}
[03-Jun-2025 20:51:55 UTC] Python script executed successfully.
[03-Jun-2025 20:51:55 UTC] id_tipo_arquivo: 4
[03-Jun-2025 21:11:31 UTC] destinationPath: /var/www/html/tjd3s_mobile_20250602/imagem/input/1024679588683f65033877f7.81995180.jpg
[03-Jun-2025 21:11:39 UTC] {"quantidade_pessoas":0,"caminho_arquivo_anonimizado":"","caminho_arquivo_original":"","nome_arquivo":"1024679588683f65033877f7.81995180.jpg_sanitized_2025_06_03_21_11_35.jpg"}
[03-Jun-2025 21:11:39 UTC] Python script executed successfully.
[03-Jun-2025 21:11:39 UTC] id_tipo_arquivo: 4
[03-Jun-2025 21:31:41 UTC] destinationPath: /var/www/html/tjd3s_mobile_20250602/imagem/input/347040645683f69bda5e881.16343487.jpg
[03-Jun-2025 21:31:50 UTC] {"quantidade_pessoas":0,"caminho_arquivo_anonimizado":"","caminho_arquivo_original":"","nome_arquivo":"347040645683f69bda5e881.16343487.jpg_sanitized_2025_06_03_21_31_45.jpg"}
[03-Jun-2025 21:31:50 UTC] Python script executed successfully.
[03-Jun-2025 21:31:50 UTC] id_tipo_arquivo: 4
[03-Jun-2025 21:36:02 UTC] destinationPath: /var/www/html/tjd3s_mobile_20250602/imagem/input/1414393067683f6ac25751f4.97106464.jpg
[03-Jun-2025 21:36:11 UTC] {"quantidade_pessoas":0,"caminho_arquivo_anonimizado":"","caminho_arquivo_original":"","nome_arquivo":"1414393067683f6ac25751f4.97106464.jpg_sanitized_2025_06_03_21_36_06.jpg"}
[03-Jun-2025 21:36:11 UTC] Python script executed successfully.
[03-Jun-2025 21:36:11 UTC] id_tipo_arquivo: 4
[03-Jun-2025 22:23:29 UTC] destinationPath: /var/www/html/tjd3s_mobile_20250602/imagem/input/613689534683f75e193c0c0.68561109.jpg
[03-Jun-2025 22:23:37 UTC] {"quantidade_pessoas":0,"caminho_arquivo_anonimizado":"","caminho_arquivo_original":"","nome_arquivo":"613689534683f75e193c0c0.68561109.jpg_sanitized_2025_06_03_22_23_33.jpg"}
[03-Jun-2025 22:23:37 UTC] Python script executed successfully.
[03-Jun-2025 22:23:37 UTC] id_tipo_arquivo: 4
